This is pdfTeX, Version 3.141592653-2.6-1.40.25 (TeX Live 2023/Homebrew) (preloaded format=pdflatex 2023.6.22)  4 JUL 2023 16:34
entering extended mode
 restricted \write18 enabled.
 %&-line parsing enabled.
**"/Users/nikos/github-synced/log-or-not/second submission after review/Manuscr
ipt-without-SI.tex"

(/Users/nikos/github-synced/log-or-not/second submission after review/Manuscrip
t-without-SI.tex
LaTeX2e <2022-11-01> patch level 1
L3 programming layer <2023-02-22>
(/opt/homebrew/Cellar/texlive/20230313_2/share/texmf-dist/tex/latex/base/articl
e.cls
Document Class: article 2022/07/02 v1.4n Standard LaTeX document class

(/opt/homebrew/Cellar/texlive/20230313_2/share/texmf-dist/tex/latex/base/size10
.clo
File: size10.clo 2022/07/02 v1.4n Standard LaTeX file (size option)
)
\c@part=\count185
\c@section=\count186
\c@subsection=\count187
\c@subsubsection=\count188
\c@paragraph=\count189
\c@subparagraph=\count190
\c@figure=\count191
\c@table=\count192
\abovecaptionskip=\skip48
\belowcaptionskip=\skip49
\bibindent=\dimen140
)
(/opt/homebrew/Cellar/texlive/20230313_2/share/texmf-dist/tex/latex/graphics/gr
aphicx.sty
Package: graphicx 2021/09/16 v1.2d Enhanced LaTeX Graphics (DPC,SPQR)

(/opt/homebrew/Cellar/texlive/20230313_2/share/texmf-dist/tex/latex/graphics/ke
yval.sty
Package: keyval 2022/05/29 v1.15 key=value parser (DPC)
\KV@toks@=\toks16
)
(/opt/homebrew/Cellar/texlive/20230313_2/share/texmf-dist/tex/latex/graphics/gr
aphics.sty
Package: graphics 2022/03/10 v1.4e Standard LaTeX Graphics (DPC,SPQR)

(/opt/homebrew/Cellar/texlive/20230313_2/share/texmf-dist/tex/latex/graphics/tr
ig.sty
Package: trig 2021/08/11 v1.11 sin cos tan (DPC)
)
(/opt/homebrew/Cellar/texlive/20230313_2/share/texmf-dist/tex/latex/graphics-cf
g/graphics.cfg
File: graphics.cfg 2016/06/04 v1.11 sample graphics configuration
)
Package graphics Info: Driver file: pdftex.def on input line 107.

(/opt/homebrew/Cellar/texlive/20230313_2/share/texmf-dist/tex/latex/graphics-de
f/pdftex.def
File: pdftex.def 2022/09/22 v1.2b Graphics/color driver for pdftex
))
\Gin@req@height=\dimen141
\Gin@req@width=\dimen142
)
(/opt/homebrew/Cellar/texlive/20230313_2/share/texmf-dist/tex/latex/xcolor/xcol
or.sty
Package: xcolor 2022/06/12 v2.14 LaTeX color extensions (UK)

(/opt/homebrew/Cellar/texlive/20230313_2/share/texmf-dist/tex/latex/graphics-cf
g/color.cfg
File: color.cfg 2016/01/02 v1.6 sample color configuration
)
Package xcolor Info: Driver file: pdftex.def on input line 227.

(/opt/homebrew/Cellar/texlive/20230313_2/share/texmf-dist/tex/latex/graphics/ma
thcolor.ltx)
Package xcolor Info: Model `cmy' substituted by `cmy0' on input line 1353.
Package xcolor Info: Model `hsb' substituted by `rgb' on input line 1357.
Package xcolor Info: Model `RGB' extended on input line 1369.
Package xcolor Info: Model `HTML' substituted by `rgb' on input line 1371.
Package xcolor Info: Model `Hsb' substituted by `hsb' on input line 1372.
Package xcolor Info: Model `tHsb' substituted by `hsb' on input line 1373.
Package xcolor Info: Model `HSB' substituted by `hsb' on input line 1374.
Package xcolor Info: Model `Gray' substituted by `gray' on input line 1375.
Package xcolor Info: Model `wave' substituted by `hsb' on input line 1376.
)
(/opt/homebrew/Cellar/texlive/20230313_2/share/texmf-dist/tex/latex/base/alltt.
sty
Package: alltt 2021/01/29 v2.0g defines alltt environment
)
(/opt/homebrew/Cellar/texlive/20230313_2/share/texmf-dist/tex/latex/geometry/ge
ometry.sty
Package: geometry 2020/01/02 v5.9 Page Geometry

(/opt/homebrew/Cellar/texlive/20230313_2/share/texmf-dist/tex/generic/iftex/ifv
tex.sty
Package: ifvtex 2019/10/25 v1.7 ifvtex legacy package. Use iftex instead.

(/opt/homebrew/Cellar/texlive/20230313_2/share/texmf-dist/tex/generic/iftex/ift
ex.sty
Package: iftex 2022/02/03 v1.0f TeX engine tests
))
\Gm@cnth=\count193
\Gm@cntv=\count194
\c@Gm@tempcnt=\count195
\Gm@bindingoffset=\dimen143
\Gm@wd@mp=\dimen144
\Gm@odd@mp=\dimen145
\Gm@even@mp=\dimen146
\Gm@layoutwidth=\dimen147
\Gm@layoutheight=\dimen148
\Gm@layouthoffset=\dimen149
\Gm@layoutvoffset=\dimen150
\Gm@dimlist=\toks17
)
(/opt/homebrew/Cellar/texlive/20230313_2/share/texmf-dist/tex/latex/amsmath/ams
math.sty
Package: amsmath 2022/04/08 v2.17n AMS math features
\@mathmargin=\skip50
For additional information on amsmath, use the `?' option.

(/opt/homebrew/Cellar/texlive/20230313_2/share/texmf-dist/tex/latex/amsmath/ams
text.sty
Package: amstext 2021/08/26 v2.01 AMS text

(/opt/homebrew/Cellar/texlive/20230313_2/share/texmf-dist/tex/latex/amsmath/ams
gen.sty
File: amsgen.sty 1999/11/30 v2.0 generic functions
\@emptytoks=\toks18
\ex@=\dimen151
))
(/opt/homebrew/Cellar/texlive/20230313_2/share/texmf-dist/tex/latex/amsmath/ams
bsy.sty
Package: amsbsy 1999/11/29 v1.2d Bold Symbols
\pmbraise@=\dimen152
)
(/opt/homebrew/Cellar/texlive/20230313_2/share/texmf-dist/tex/latex/amsmath/ams
opn.sty
Package: amsopn 2022/04/08 v2.04 operator names
)
\inf@bad=\count196
LaTeX Info: Redefining \frac on input line 234.
\uproot@=\count197
\leftroot@=\count198
LaTeX Info: Redefining \overline on input line 399.
LaTeX Info: Redefining \colon on input line 410.
\classnum@=\count199
\DOTSCASE@=\count266
LaTeX Info: Redefining \ldots on input line 496.
LaTeX Info: Redefining \dots on input line 499.
LaTeX Info: Redefining \cdots on input line 620.
\Mathstrutbox@=\box51
\strutbox@=\box52
LaTeX Info: Redefining \big on input line 722.
LaTeX Info: Redefining \Big on input line 723.
LaTeX Info: Redefining \bigg on input line 724.
LaTeX Info: Redefining \Bigg on input line 725.
\big@size=\dimen153
LaTeX Font Info:    Redeclaring font encoding OML on input line 743.
LaTeX Font Info:    Redeclaring font encoding OMS on input line 744.
\macc@depth=\count267
LaTeX Info: Redefining \bmod on input line 905.
LaTeX Info: Redefining \pmod on input line 910.
LaTeX Info: Redefining \smash on input line 940.
LaTeX Info: Redefining \relbar on input line 970.
LaTeX Info: Redefining \Relbar on input line 971.
\c@MaxMatrixCols=\count268
\dotsspace@=\muskip16
\c@parentequation=\count269
\dspbrk@lvl=\count270
\tag@help=\toks19
\row@=\count271
\column@=\count272
\maxfields@=\count273
\andhelp@=\toks20
\eqnshift@=\dimen154
\alignsep@=\dimen155
\tagshift@=\dimen156
\tagwidth@=\dimen157
\totwidth@=\dimen158
\lineht@=\dimen159
\@envbody=\toks21
\multlinegap=\skip51
\multlinetaggap=\skip52
\mathdisplay@stack=\toks22
LaTeX Info: Redefining \[ on input line 2953.
LaTeX Info: Redefining \] on input line 2954.
)
(/opt/homebrew/Cellar/texlive/20230313_2/share/texmf-dist/tex/latex/amsfonts/am
ssymb.sty
Package: amssymb 2013/01/14 v3.01 AMS font symbols

(/opt/homebrew/Cellar/texlive/20230313_2/share/texmf-dist/tex/latex/amsfonts/am
sfonts.sty
Package: amsfonts 2013/01/14 v3.01 Basic AMSFonts support
\symAMSa=\mathgroup4
\symAMSb=\mathgroup5
LaTeX Font Info:    Redeclaring math symbol \hbar on input line 98.
LaTeX Font Info:    Overwriting math alphabet `\mathfrak' in version `bold'
(Font)                  U/euf/m/n --> U/euf/b/n on input line 106.
))
(/opt/homebrew/Cellar/texlive/20230313_2/share/texmf-dist/tex/latex/natbib/natb
ib.sty
Package: natbib 2010/09/13 8.31b (PWD, AO)
\bibhang=\skip53
\bibsep=\skip54
LaTeX Info: Redefining \cite on input line 694.
\c@NAT@ctr=\count274
)
(/opt/homebrew/Cellar/texlive/20230313_2/share/texmf-dist/tex/latex/url/url.sty
\Urlmuskip=\muskip17
Package: url 2013/09/16  ver 3.4  Verb mode for urls, etc.
)
(/opt/homebrew/Cellar/texlive/20230313_2/share/texmf-dist/tex/latex/todonotes/t
odonotes.sty
Package: todonotes 2023/01/31 v1.1.6 Todonotes source and documentation.
Package: todonotes 2023/01/31

(/opt/homebrew/Cellar/texlive/20230313_2/share/texmf-dist/tex/latex/base/ifthen
.sty
Package: ifthen 2022/04/13 v1.1d Standard LaTeX ifthen package (DPC)
)
(/opt/homebrew/Cellar/texlive/20230313_2/share/texmf-dist/tex/latex/xkeyval/xke
yval.sty
Package: xkeyval 2022/06/16 v2.9 package option processing (HA)

(/opt/homebrew/Cellar/texlive/20230313_2/share/texmf-dist/tex/generic/xkeyval/x
keyval.tex
(/opt/homebrew/Cellar/texlive/20230313_2/share/texmf-dist/tex/generic/xkeyval/x
kvutils.tex
\XKV@toks=\toks23
\XKV@tempa@toks=\toks24
)
\XKV@depth=\count275
File: xkeyval.tex 2014/12/03 v2.7a key=value parser (HA)
))
(/opt/homebrew/Cellar/texlive/20230313_2/share/texmf-dist/tex/latex/pgf/fronten
dlayer/tikz.sty
(/opt/homebrew/Cellar/texlive/20230313_2/share/texmf-dist/tex/latex/pgf/basicla
yer/pgf.sty
(/opt/homebrew/Cellar/texlive/20230313_2/share/texmf-dist/tex/latex/pgf/utiliti
es/pgfrcs.sty
(/opt/homebrew/Cellar/texlive/20230313_2/share/texmf-dist/tex/generic/pgf/utili
ties/pgfutil-common.tex
\pgfutil@everybye=\toks25
\pgfutil@tempdima=\dimen160
\pgfutil@tempdimb=\dimen161
)
(/opt/homebrew/Cellar/texlive/20230313_2/share/texmf-dist/tex/generic/pgf/utili
ties/pgfutil-latex.def
\pgfutil@abb=\box53
)
(/opt/homebrew/Cellar/texlive/20230313_2/share/texmf-dist/tex/generic/pgf/utili
ties/pgfrcs.code.tex
(/opt/homebrew/Cellar/texlive/20230313_2/share/texmf-dist/tex/generic/pgf/pgf.r
evision.tex)
Package: pgfrcs 2023-01-15 v3.1.10 (3.1.10)
))
Package: pgf 2023-01-15 v3.1.10 (3.1.10)

(/opt/homebrew/Cellar/texlive/20230313_2/share/texmf-dist/tex/latex/pgf/basicla
yer/pgfcore.sty
(/opt/homebrew/Cellar/texlive/20230313_2/share/texmf-dist/tex/latex/pgf/systeml
ayer/pgfsys.sty
(/opt/homebrew/Cellar/texlive/20230313_2/share/texmf-dist/tex/generic/pgf/syste
mlayer/pgfsys.code.tex
Package: pgfsys 2023-01-15 v3.1.10 (3.1.10)

(/opt/homebrew/Cellar/texlive/20230313_2/share/texmf-dist/tex/generic/pgf/utili
ties/pgfkeys.code.tex
\pgfkeys@pathtoks=\toks26
\pgfkeys@temptoks=\toks27

(/opt/homebrew/Cellar/texlive/20230313_2/share/texmf-dist/tex/generic/pgf/utili
ties/pgfkeyslibraryfiltered.code.tex
\pgfkeys@tmptoks=\toks28
))
\pgf@x=\dimen162
\pgf@y=\dimen163
\pgf@xa=\dimen164
\pgf@ya=\dimen165
\pgf@xb=\dimen166
\pgf@yb=\dimen167
\pgf@xc=\dimen168
\pgf@yc=\dimen169
\pgf@xd=\dimen170
\pgf@yd=\dimen171
\w@pgf@writea=\write3
\r@pgf@reada=\read2
\c@pgf@counta=\count276
\c@pgf@countb=\count277
\c@pgf@countc=\count278
\c@pgf@countd=\count279
\t@pgf@toka=\toks29
\t@pgf@tokb=\toks30
\t@pgf@tokc=\toks31
\pgf@sys@id@count=\count280

(/opt/homebrew/Cellar/texlive/20230313_2/share/texmf-dist/tex/generic/pgf/syste
mlayer/pgf.cfg
File: pgf.cfg 2023-01-15 v3.1.10 (3.1.10)
)
Driver file for pgf: pgfsys-pdftex.def

(/opt/homebrew/Cellar/texlive/20230313_2/share/texmf-dist/tex/generic/pgf/syste
mlayer/pgfsys-pdftex.def
File: pgfsys-pdftex.def 2023-01-15 v3.1.10 (3.1.10)

(/opt/homebrew/Cellar/texlive/20230313_2/share/texmf-dist/tex/generic/pgf/syste
mlayer/pgfsys-common-pdf.def
File: pgfsys-common-pdf.def 2023-01-15 v3.1.10 (3.1.10)
)))
(/opt/homebrew/Cellar/texlive/20230313_2/share/texmf-dist/tex/generic/pgf/syste
mlayer/pgfsyssoftpath.code.tex
File: pgfsyssoftpath.code.tex 2023-01-15 v3.1.10 (3.1.10)
\pgfsyssoftpath@smallbuffer@items=\count281
\pgfsyssoftpath@bigbuffer@items=\count282
)
(/opt/homebrew/Cellar/texlive/20230313_2/share/texmf-dist/tex/generic/pgf/syste
mlayer/pgfsysprotocol.code.tex
File: pgfsysprotocol.code.tex 2023-01-15 v3.1.10 (3.1.10)
))
(/opt/homebrew/Cellar/texlive/20230313_2/share/texmf-dist/tex/generic/pgf/basic
layer/pgfcore.code.tex
Package: pgfcore 2023-01-15 v3.1.10 (3.1.10)

(/opt/homebrew/Cellar/texlive/20230313_2/share/texmf-dist/tex/generic/pgf/math/
pgfmath.code.tex
(/opt/homebrew/Cellar/texlive/20230313_2/share/texmf-dist/tex/generic/pgf/math/
pgfmathutil.code.tex)
(/opt/homebrew/Cellar/texlive/20230313_2/share/texmf-dist/tex/generic/pgf/math/
pgfmathparser.code.tex
\pgfmath@dimen=\dimen172
\pgfmath@count=\count283
\pgfmath@box=\box54
\pgfmath@toks=\toks32
\pgfmath@stack@operand=\toks33
\pgfmath@stack@operation=\toks34
)
(/opt/homebrew/Cellar/texlive/20230313_2/share/texmf-dist/tex/generic/pgf/math/
pgfmathfunctions.code.tex)
(/opt/homebrew/Cellar/texlive/20230313_2/share/texmf-dist/tex/generic/pgf/math/
pgfmathfunctions.basic.code.tex)
(/opt/homebrew/Cellar/texlive/20230313_2/share/texmf-dist/tex/generic/pgf/math/
pgfmathfunctions.trigonometric.code.tex)
(/opt/homebrew/Cellar/texlive/20230313_2/share/texmf-dist/tex/generic/pgf/math/
pgfmathfunctions.random.code.tex)
(/opt/homebrew/Cellar/texlive/20230313_2/share/texmf-dist/tex/generic/pgf/math/
pgfmathfunctions.comparison.code.tex)
(/opt/homebrew/Cellar/texlive/20230313_2/share/texmf-dist/tex/generic/pgf/math/
pgfmathfunctions.base.code.tex)
(/opt/homebrew/Cellar/texlive/20230313_2/share/texmf-dist/tex/generic/pgf/math/
pgfmathfunctions.round.code.tex)
(/opt/homebrew/Cellar/texlive/20230313_2/share/texmf-dist/tex/generic/pgf/math/
pgfmathfunctions.misc.code.tex)
(/opt/homebrew/Cellar/texlive/20230313_2/share/texmf-dist/tex/generic/pgf/math/
pgfmathfunctions.integerarithmetics.code.tex)
(/opt/homebrew/Cellar/texlive/20230313_2/share/texmf-dist/tex/generic/pgf/math/
pgfmathcalc.code.tex)
(/opt/homebrew/Cellar/texlive/20230313_2/share/texmf-dist/tex/generic/pgf/math/
pgfmathfloat.code.tex
\c@pgfmathroundto@lastzeros=\count284
))
(/opt/homebrew/Cellar/texlive/20230313_2/share/texmf-dist/tex/generic/pgf/math/
pgfint.code.tex)
(/opt/homebrew/Cellar/texlive/20230313_2/share/texmf-dist/tex/generic/pgf/basic
layer/pgfcorepoints.code.tex
File: pgfcorepoints.code.tex 2023-01-15 v3.1.10 (3.1.10)
\pgf@picminx=\dimen173
\pgf@picmaxx=\dimen174
\pgf@picminy=\dimen175
\pgf@picmaxy=\dimen176
\pgf@pathminx=\dimen177
\pgf@pathmaxx=\dimen178
\pgf@pathminy=\dimen179
\pgf@pathmaxy=\dimen180
\pgf@xx=\dimen181
\pgf@xy=\dimen182
\pgf@yx=\dimen183
\pgf@yy=\dimen184
\pgf@zx=\dimen185
\pgf@zy=\dimen186
)
(/opt/homebrew/Cellar/texlive/20230313_2/share/texmf-dist/tex/generic/pgf/basic
layer/pgfcorepathconstruct.code.tex
File: pgfcorepathconstruct.code.tex 2023-01-15 v3.1.10 (3.1.10)
\pgf@path@lastx=\dimen187
\pgf@path@lasty=\dimen188
)
(/opt/homebrew/Cellar/texlive/20230313_2/share/texmf-dist/tex/generic/pgf/basic
layer/pgfcorepathusage.code.tex
File: pgfcorepathusage.code.tex 2023-01-15 v3.1.10 (3.1.10)
\pgf@shorten@end@additional=\dimen189
\pgf@shorten@start@additional=\dimen190
)
(/opt/homebrew/Cellar/texlive/20230313_2/share/texmf-dist/tex/generic/pgf/basic
layer/pgfcorescopes.code.tex
File: pgfcorescopes.code.tex 2023-01-15 v3.1.10 (3.1.10)
\pgfpic=\box55
\pgf@hbox=\box56
\pgf@layerbox@main=\box57
\pgf@picture@serial@count=\count285
)
(/opt/homebrew/Cellar/texlive/20230313_2/share/texmf-dist/tex/generic/pgf/basic
layer/pgfcoregraphicstate.code.tex
File: pgfcoregraphicstate.code.tex 2023-01-15 v3.1.10 (3.1.10)
\pgflinewidth=\dimen191
)
(/opt/homebrew/Cellar/texlive/20230313_2/share/texmf-dist/tex/generic/pgf/basic
layer/pgfcoretransformations.code.tex
File: pgfcoretransformations.code.tex 2023-01-15 v3.1.10 (3.1.10)
\pgf@pt@x=\dimen192
\pgf@pt@y=\dimen193
\pgf@pt@temp=\dimen194
)
(/opt/homebrew/Cellar/texlive/20230313_2/share/texmf-dist/tex/generic/pgf/basic
layer/pgfcorequick.code.tex
File: pgfcorequick.code.tex 2023-01-15 v3.1.10 (3.1.10)
)
(/opt/homebrew/Cellar/texlive/20230313_2/share/texmf-dist/tex/generic/pgf/basic
layer/pgfcoreobjects.code.tex
File: pgfcoreobjects.code.tex 2023-01-15 v3.1.10 (3.1.10)
)
(/opt/homebrew/Cellar/texlive/20230313_2/share/texmf-dist/tex/generic/pgf/basic
layer/pgfcorepathprocessing.code.tex
File: pgfcorepathprocessing.code.tex 2023-01-15 v3.1.10 (3.1.10)
)
(/opt/homebrew/Cellar/texlive/20230313_2/share/texmf-dist/tex/generic/pgf/basic
layer/pgfcorearrows.code.tex
File: pgfcorearrows.code.tex 2023-01-15 v3.1.10 (3.1.10)
\pgfarrowsep=\dimen195
)
(/opt/homebrew/Cellar/texlive/20230313_2/share/texmf-dist/tex/generic/pgf/basic
layer/pgfcoreshade.code.tex
File: pgfcoreshade.code.tex 2023-01-15 v3.1.10 (3.1.10)
\pgf@max=\dimen196
\pgf@sys@shading@range@num=\count286
\pgf@shadingcount=\count287
)
(/opt/homebrew/Cellar/texlive/20230313_2/share/texmf-dist/tex/generic/pgf/basic
layer/pgfcoreimage.code.tex
File: pgfcoreimage.code.tex 2023-01-15 v3.1.10 (3.1.10)
)
(/opt/homebrew/Cellar/texlive/20230313_2/share/texmf-dist/tex/generic/pgf/basic
layer/pgfcoreexternal.code.tex
File: pgfcoreexternal.code.tex 2023-01-15 v3.1.10 (3.1.10)
\pgfexternal@startupbox=\box58
)
(/opt/homebrew/Cellar/texlive/20230313_2/share/texmf-dist/tex/generic/pgf/basic
layer/pgfcorelayers.code.tex
File: pgfcorelayers.code.tex 2023-01-15 v3.1.10 (3.1.10)
)
(/opt/homebrew/Cellar/texlive/20230313_2/share/texmf-dist/tex/generic/pgf/basic
layer/pgfcoretransparency.code.tex
File: pgfcoretransparency.code.tex 2023-01-15 v3.1.10 (3.1.10)
)
(/opt/homebrew/Cellar/texlive/20230313_2/share/texmf-dist/tex/generic/pgf/basic
layer/pgfcorepatterns.code.tex
File: pgfcorepatterns.code.tex 2023-01-15 v3.1.10 (3.1.10)
)
(/opt/homebrew/Cellar/texlive/20230313_2/share/texmf-dist/tex/generic/pgf/basic
layer/pgfcorerdf.code.tex
File: pgfcorerdf.code.tex 2023-01-15 v3.1.10 (3.1.10)
)))
(/opt/homebrew/Cellar/texlive/20230313_2/share/texmf-dist/tex/generic/pgf/modul
es/pgfmoduleshapes.code.tex
File: pgfmoduleshapes.code.tex 2023-01-15 v3.1.10 (3.1.10)
\pgfnodeparttextbox=\box59
)
(/opt/homebrew/Cellar/texlive/20230313_2/share/texmf-dist/tex/generic/pgf/modul
es/pgfmoduleplot.code.tex
File: pgfmoduleplot.code.tex 2023-01-15 v3.1.10 (3.1.10)
)
(/opt/homebrew/Cellar/texlive/20230313_2/share/texmf-dist/tex/latex/pgf/compati
bility/pgfcomp-version-0-65.sty
Package: pgfcomp-version-0-65 2023-01-15 v3.1.10 (3.1.10)
\pgf@nodesepstart=\dimen197
\pgf@nodesepend=\dimen198
)
(/opt/homebrew/Cellar/texlive/20230313_2/share/texmf-dist/tex/latex/pgf/compati
bility/pgfcomp-version-1-18.sty
Package: pgfcomp-version-1-18 2023-01-15 v3.1.10 (3.1.10)
))
(/opt/homebrew/Cellar/texlive/20230313_2/share/texmf-dist/tex/latex/pgf/utiliti
es/pgffor.sty
(/opt/homebrew/Cellar/texlive/20230313_2/share/texmf-dist/tex/latex/pgf/utiliti
es/pgfkeys.sty
(/opt/homebrew/Cellar/texlive/20230313_2/share/texmf-dist/tex/generic/pgf/utili
ties/pgfkeys.code.tex))
(/opt/homebrew/Cellar/texlive/20230313_2/share/texmf-dist/tex/latex/pgf/math/pg
fmath.sty
(/opt/homebrew/Cellar/texlive/20230313_2/share/texmf-dist/tex/generic/pgf/math/
pgfmath.code.tex))
(/opt/homebrew/Cellar/texlive/20230313_2/share/texmf-dist/tex/generic/pgf/utili
ties/pgffor.code.tex
Package: pgffor 2023-01-15 v3.1.10 (3.1.10)
\pgffor@iter=\dimen199
\pgffor@skip=\dimen256
\pgffor@stack=\toks35
\pgffor@toks=\toks36
))
(/opt/homebrew/Cellar/texlive/20230313_2/share/texmf-dist/tex/generic/pgf/front
endlayer/tikz/tikz.code.tex
Package: tikz 2023-01-15 v3.1.10 (3.1.10)

(/opt/homebrew/Cellar/texlive/20230313_2/share/texmf-dist/tex/generic/pgf/libra
ries/pgflibraryplothandlers.code.tex
File: pgflibraryplothandlers.code.tex 2023-01-15 v3.1.10 (3.1.10)
\pgf@plot@mark@count=\count288
\pgfplotmarksize=\dimen257
)
\tikz@lastx=\dimen258
\tikz@lasty=\dimen259
\tikz@lastxsaved=\dimen260
\tikz@lastysaved=\dimen261
\tikz@lastmovetox=\dimen262
\tikz@lastmovetoy=\dimen263
\tikzleveldistance=\dimen264
\tikzsiblingdistance=\dimen265
\tikz@figbox=\box60
\tikz@figbox@bg=\box61
\tikz@tempbox=\box62
\tikz@tempbox@bg=\box63
\tikztreelevel=\count289
\tikznumberofchildren=\count290
\tikznumberofcurrentchild=\count291
\tikz@fig@count=\count292

(/opt/homebrew/Cellar/texlive/20230313_2/share/texmf-dist/tex/generic/pgf/modul
es/pgfmodulematrix.code.tex
File: pgfmodulematrix.code.tex 2023-01-15 v3.1.10 (3.1.10)
\pgfmatrixcurrentrow=\count293
\pgfmatrixcurrentcolumn=\count294
\pgf@matrix@numberofcolumns=\count295
)
\tikz@expandcount=\count296

(/opt/homebrew/Cellar/texlive/20230313_2/share/texmf-dist/tex/generic/pgf/front
endlayer/tikz/libraries/tikzlibrarytopaths.code.tex
File: tikzlibrarytopaths.code.tex 2023-01-15 v3.1.10 (3.1.10)
)))
(/opt/homebrew/Cellar/texlive/20230313_2/share/texmf-dist/tex/generic/pgf/front
endlayer/tikz/libraries/tikzlibrarypositioning.code.tex
File: tikzlibrarypositioning.code.tex 2023-01-15 v3.1.10 (3.1.10)
)
(/opt/homebrew/Cellar/texlive/20230313_2/share/texmf-dist/tex/latex/tools/calc.
sty
Package: calc 2017/05/25 v4.3 Infix arithmetic (KKT,FJ)
\calc@Acount=\count297
\calc@Bcount=\count298
\calc@Adimen=\dimen266
\calc@Bdimen=\dimen267
\calc@Askip=\skip55
\calc@Bskip=\skip56
LaTeX Info: Redefining \setlength on input line 80.
LaTeX Info: Redefining \addtolength on input line 81.
\calc@Ccount=\count299
\calc@Cskip=\skip57
)
\c@@todonotes@numberoftodonotes=\count300
)
(/opt/homebrew/Cellar/texlive/20230313_2/share/texmf-dist/tex/latex/tools/multi
col.sty
Package: multicol 2021/11/30 v1.9d multicolumn formatting (FMi)
\c@tracingmulticols=\count301
\mult@box=\box64
\multicol@leftmargin=\dimen268
\c@unbalance=\count302
\c@collectmore=\count303
\doublecol@number=\count304
\multicoltolerance=\count305
\multicolpretolerance=\count306
\full@width=\dimen269
\page@free=\dimen270
\premulticols=\dimen271
\postmulticols=\dimen272
\multicolsep=\skip58
\multicolbaselineskip=\skip59
\partial@page=\box65
\last@line=\box66
\maxbalancingoverflow=\dimen273
\mult@rightbox=\box67
\mult@grightbox=\box68
\mult@firstbox=\box69
\mult@gfirstbox=\box70
\@tempa=\box71
\@tempa=\box72
\@tempa=\box73
\@tempa=\box74
\@tempa=\box75
\@tempa=\box76
\@tempa=\box77
\@tempa=\box78
\@tempa=\box79
\@tempa=\box80
\@tempa=\box81
\@tempa=\box82
\@tempa=\box83
\@tempa=\box84
\@tempa=\box85
\@tempa=\box86
\@tempa=\box87
\@tempa=\box88
\@tempa=\box89
\@tempa=\box90
\@tempa=\box91
\@tempa=\box92
\@tempa=\box93
\@tempa=\box94
\@tempa=\box95
\@tempa=\box96
\@tempa=\box97
\@tempa=\box98
\@tempa=\box99
\@tempa=\box100
\@tempa=\box101
\@tempa=\box102
\@tempa=\box103
\@tempa=\box104
\@tempa=\box105
\@tempa=\box106
\c@minrows=\count307
\c@columnbadness=\count308
\c@finalcolumnbadness=\count309
\last@try=\dimen274
\multicolovershoot=\dimen275
\multicolundershoot=\dimen276
\mult@nat@firstbox=\box107
\colbreak@box=\box108
\mc@col@check@num=\count310
)
(/opt/homebrew/Cellar/texlive/20230313_2/share/texmf-dist/tex/latex/graphics/ro
tating.sty
Package: rotating 2016/08/11 v2.16d rotated objects in LaTeX
\c@r@tfl@t=\count311
\rotFPtop=\skip60
\rotFPbot=\skip61
\rot@float@box=\box109
\rot@mess@toks=\toks37
)
(/opt/homebrew/Cellar/texlive/20230313_2/share/texmf-dist/tex/latex/booktabs/bo
oktabs.sty
Package: booktabs 2020/01/12 v1.61803398 Publication quality tables
\heavyrulewidth=\dimen277
\lightrulewidth=\dimen278
\cmidrulewidth=\dimen279
\belowrulesep=\dimen280
\belowbottomsep=\dimen281
\aboverulesep=\dimen282
\abovetopsep=\dimen283
\cmidrulesep=\dimen284
\cmidrulekern=\dimen285
\defaultaddspace=\dimen286
\@cmidla=\count312
\@cmidlb=\count313
\@aboverulesep=\dimen287
\@belowrulesep=\dimen288
\@thisruleclass=\count314
\@lastruleclass=\count315
\@thisrulewidth=\dimen289
)
(/opt/homebrew/Cellar/texlive/20230313_2/share/texmf-dist/tex/latex/hyperref/hy
perref.sty
Package: hyperref 2023-02-07 v7.00v Hypertext links for LaTeX

(/opt/homebrew/Cellar/texlive/20230313_2/share/texmf-dist/tex/generic/ltxcmds/l
txcmds.sty
Package: ltxcmds 2020-05-10 v1.25 LaTeX kernel commands for general use (HO)
)
(/opt/homebrew/Cellar/texlive/20230313_2/share/texmf-dist/tex/generic/pdftexcmd
s/pdftexcmds.sty
Package: pdftexcmds 2020-06-27 v0.33 Utility functions of pdfTeX for LuaTeX (HO
)

(/opt/homebrew/Cellar/texlive/20230313_2/share/texmf-dist/tex/generic/infwarerr
/infwarerr.sty
Package: infwarerr 2019/12/03 v1.5 Providing info/warning/error messages (HO)
)
Package pdftexcmds Info: \pdf@primitive is available.
Package pdftexcmds Info: \pdf@ifprimitive is available.
Package pdftexcmds Info: \pdfdraftmode found.
)
(/opt/homebrew/Cellar/texlive/20230313_2/share/texmf-dist/tex/latex/kvsetkeys/k
vsetkeys.sty
Package: kvsetkeys 2022-10-05 v1.19 Key value parser (HO)
)
(/opt/homebrew/Cellar/texlive/20230313_2/share/texmf-dist/tex/generic/kvdefinek
eys/kvdefinekeys.sty
Package: kvdefinekeys 2019-12-19 v1.6 Define keys (HO)
)
(/opt/homebrew/Cellar/texlive/20230313_2/share/texmf-dist/tex/generic/pdfescape
/pdfescape.sty
Package: pdfescape 2019/12/09 v1.15 Implements pdfTeX's escape features (HO)
)
(/opt/homebrew/Cellar/texlive/20230313_2/share/texmf-dist/tex/latex/hycolor/hyc
olor.sty
Package: hycolor 2020-01-27 v1.10 Color options for hyperref/bookmark (HO)
)
(/opt/homebrew/Cellar/texlive/20230313_2/share/texmf-dist/tex/latex/letltxmacro
/letltxmacro.sty
Package: letltxmacro 2019/12/03 v1.6 Let assignment for LaTeX macros (HO)
)
(/opt/homebrew/Cellar/texlive/20230313_2/share/texmf-dist/tex/latex/auxhook/aux
hook.sty
Package: auxhook 2019-12-17 v1.6 Hooks for auxiliary files (HO)
)
(/opt/homebrew/Cellar/texlive/20230313_2/share/texmf-dist/tex/latex/hyperref/na
meref.sty
Package: nameref 2022-05-17 v2.50 Cross-referencing by name of section

(/opt/homebrew/Cellar/texlive/20230313_2/share/texmf-dist/tex/latex/refcount/re
fcount.sty
Package: refcount 2019/12/15 v3.6 Data extraction from label references (HO)
)
(/opt/homebrew/Cellar/texlive/20230313_2/share/texmf-dist/tex/generic/gettitles
tring/gettitlestring.sty
Package: gettitlestring 2019/12/15 v1.6 Cleanup title references (HO)

(/opt/homebrew/Cellar/texlive/20230313_2/share/texmf-dist/tex/latex/kvoptions/k
voptions.sty
Package: kvoptions 2022-06-15 v3.15 Key value format for package options (HO)
))
\c@section@level=\count316
)
\@linkdim=\dimen290
\Hy@linkcounter=\count317
\Hy@pagecounter=\count318

(/opt/homebrew/Cellar/texlive/20230313_2/share/texmf-dist/tex/latex/hyperref/pd
1enc.def
File: pd1enc.def 2023-02-07 v7.00v Hyperref: PDFDocEncoding definition (HO)
Now handling font encoding PD1 ...
... no UTF-8 mapping file for font encoding PD1
)
(/opt/homebrew/Cellar/texlive/20230313_2/share/texmf-dist/tex/generic/intcalc/i
ntcalc.sty
Package: intcalc 2019/12/15 v1.3 Expandable calculations with integers (HO)
)
(/opt/homebrew/Cellar/texlive/20230313_2/share/texmf-dist/tex/generic/etexcmds/
etexcmds.sty
Package: etexcmds 2019/12/15 v1.7 Avoid name clashes with e-TeX commands (HO)
)
\Hy@SavedSpaceFactor=\count319

(/opt/homebrew/Cellar/texlive/20230313_2/share/texmf-dist/tex/latex/hyperref/pu
enc.def
File: puenc.def 2023-02-07 v7.00v Hyperref: PDF Unicode definition (HO)
Now handling font encoding PU ...
... no UTF-8 mapping file for font encoding PU
)
Package hyperref Info: Option `colorlinks' set `false' on input line 4060.
Package hyperref Info: Hyper figures OFF on input line 4177.
Package hyperref Info: Link nesting OFF on input line 4182.
Package hyperref Info: Hyper index ON on input line 4185.
Package hyperref Info: Plain pages OFF on input line 4192.
Package hyperref Info: Backreferencing OFF on input line 4197.
Package hyperref Info: Implicit mode ON; LaTeX internals redefined.
Package hyperref Info: Bookmarks ON on input line 4425.
\c@Hy@tempcnt=\count320
LaTeX Info: Redefining \url on input line 4763.
\XeTeXLinkMargin=\dimen291

(/opt/homebrew/Cellar/texlive/20230313_2/share/texmf-dist/tex/generic/bitset/bi
tset.sty
Package: bitset 2019/12/09 v1.3 Handle bit-vector datatype (HO)

(/opt/homebrew/Cellar/texlive/20230313_2/share/texmf-dist/tex/generic/bigintcal
c/bigintcalc.sty
Package: bigintcalc 2019/12/15 v1.5 Expandable calculations on big integers (HO
)
))
\Fld@menulength=\count321
\Field@Width=\dimen292
\Fld@charsize=\dimen293
Package hyperref Info: Hyper figures OFF on input line 6042.
Package hyperref Info: Link nesting OFF on input line 6047.
Package hyperref Info: Hyper index ON on input line 6050.
Package hyperref Info: backreferencing OFF on input line 6057.
Package hyperref Info: Link coloring OFF on input line 6062.
Package hyperref Info: Link coloring with OCG OFF on input line 6067.
Package hyperref Info: PDF/A mode OFF on input line 6072.

(/opt/homebrew/Cellar/texlive/20230313_2/share/texmf-dist/tex/latex/base/atbegs
hi-ltx.sty
Package: atbegshi-ltx 2021/01/10 v1.0c Emulation of the original atbegshi
package with kernel methods
)
\Hy@abspage=\count322
\c@Item=\count323
\c@Hfootnote=\count324
)
Package hyperref Info: Driver (autodetected): hpdftex.

(/opt/homebrew/Cellar/texlive/20230313_2/share/texmf-dist/tex/latex/hyperref/hp
dftex.def
File: hpdftex.def 2023-02-07 v7.00v Hyperref driver for pdfTeX

(/opt/homebrew/Cellar/texlive/20230313_2/share/texmf-dist/tex/latex/base/atvery
end-ltx.sty
Package: atveryend-ltx 2020/08/19 v1.0a Emulation of the original atveryend pac
kage
with kernel methods
)
\Fld@listcount=\count325
\c@bookmark@seq@number=\count326

(/opt/homebrew/Cellar/texlive/20230313_2/share/texmf-dist/tex/latex/rerunfilech
eck/rerunfilecheck.sty
Package: rerunfilecheck 2022-07-10 v1.10 Rerun checks for auxiliary files (HO)

(/opt/homebrew/Cellar/texlive/20230313_2/share/texmf-dist/tex/generic/uniquecou
nter/uniquecounter.sty
Package: uniquecounter 2019/12/15 v1.4 Provide unlimited unique counter (HO)
)
Package uniquecounter Info: New unique counter `rerunfilecheck' on input line 2
85.
)
\Hy@SectionHShift=\skip62
)
(/opt/homebrew/Cellar/texlive/20230313_2/share/texmf-dist/tex/latex/lineno/line
no.sty
Package: lineno 2023/01/19 line numbers on paragraphs v5.1
\linenopenalty=\count327
\output=\toks38
\linenoprevgraf=\count328
\linenumbersep=\dimen294
\linenumberwidth=\dimen295
\c@linenumber=\count329
\c@pagewiselinenumber=\count330
\c@LN@truepage=\count331
\c@internallinenumber=\count332
\c@internallinenumbers=\count333
\quotelinenumbersep=\dimen296
\bframerule=\dimen297
\bframesep=\dimen298
\bframebox=\box110

(/opt/homebrew/Cellar/texlive/20230313_2/share/texmf-dist/tex/latex/etoolbox/et
oolbox.sty
Package: etoolbox 2020/10/05 v2.5k e-TeX tools for LaTeX (JAW)
\etb@tempcnta=\count334
)
\linenoamsmath@ams@eqpen=\count335
LaTeX Info: Redefining \\ on input line 3131.
)
(/opt/homebrew/Cellar/texlive/20230313_2/share/texmf-dist/tex/latex/l3backend/l
3backend-pdftex.def
File: l3backend-pdftex.def 2023-01-16 L3 backend support: PDF output (pdfTeX)
\l__color_backend_stack_int=\count336
\l__pdf_internal_box=\box111
) (./Manuscript-without-SI.aux)
\openout1 = `Manuscript-without-SI.aux'.

LaTeX Font Info:    Checking defaults for OML/cmm/m/it on input line 36.
LaTeX Font Info:    ... okay on input line 36.
LaTeX Font Info:    Checking defaults for OMS/cmsy/m/n on input line 36.
LaTeX Font Info:    ... okay on input line 36.
LaTeX Font Info:    Checking defaults for OT1/cmr/m/n on input line 36.
LaTeX Font Info:    ... okay on input line 36.
LaTeX Font Info:    Checking defaults for T1/cmr/m/n on input line 36.
LaTeX Font Info:    ... okay on input line 36.
LaTeX Font Info:    Checking defaults for TS1/cmr/m/n on input line 36.
LaTeX Font Info:    ... okay on input line 36.
LaTeX Font Info:    Checking defaults for OMX/cmex/m/n on input line 36.
LaTeX Font Info:    ... okay on input line 36.
LaTeX Font Info:    Checking defaults for U/cmr/m/n on input line 36.
LaTeX Font Info:    ... okay on input line 36.
LaTeX Font Info:    Checking defaults for PD1/pdf/m/n on input line 36.
LaTeX Font Info:    ... okay on input line 36.
LaTeX Font Info:    Checking defaults for PU/pdf/m/n on input line 36.
LaTeX Font Info:    ... okay on input line 36.

(/opt/homebrew/Cellar/texlive/20230313_2/share/texmf-dist/tex/context/base/mkii
/supp-pdf.mkii
[Loading MPS to PDF converter (version 2006.09.02).]
\scratchcounter=\count337
\scratchdimen=\dimen299
\scratchbox=\box112
\nofMPsegments=\count338
\nofMParguments=\count339
\everyMPshowfont=\toks39
\MPscratchCnt=\count340
\MPscratchDim=\dimen300
\MPnumerator=\count341
\makeMPintoPDFobject=\count342
\everyMPtoPDFconversion=\toks40
)
(/opt/homebrew/Cellar/texlive/20230313_2/share/texmf-dist/tex/latex/epstopdf-pk
g/epstopdf-base.sty
Package: epstopdf-base 2020-01-24 v2.11 Base part for package epstopdf
Package epstopdf-base Info: Redefining graphics rule for `.eps' on input line 4
85.

(/opt/homebrew/Cellar/texlive/20230313_2/share/texmf-dist/tex/latex/latexconfig
/epstopdf-sys.cfg
File: epstopdf-sys.cfg 2010/07/13 v1.3 Configuration of (r)epstopdf for TeX Liv
e
))
*geometry* driver: auto-detecting
*geometry* detected driver: pdftex
*geometry* verbose mode - [ preamble ] result:
* driver: pdftex
* paper: <default>
* layout: <same size as paper>
* layoutoffset:(h,v)=(0.0pt,0.0pt)
* modes: 
* h-part:(L,W,R)=(65.44142pt, 469.18578pt, 79.6678pt)
* v-part:(T,H,B)=(62.59596pt, 647.01576pt, 85.35826pt)
* \paperwidth=614.295pt
* \paperheight=794.96999pt
* \textwidth=469.18578pt
* \textheight=647.01576pt
* \oddsidemargin=-6.82857pt
* \evensidemargin=-6.82857pt
* \topmargin=-46.67403pt
* \headheight=12.0pt
* \headsep=25.0pt
* \topskip=10.0pt
* \footskip=30.0pt
* \marginparwidth=65.0pt
* \marginparsep=11.0pt
* \columnsep=10.0pt
* \skip\footins=9.0pt plus 4.0pt minus 2.0pt
* \hoffset=0.0pt
* \voffset=0.0pt
* \mag=1000
* \@twocolumnfalse
* \@twosidefalse
* \@mparswitchfalse
* \@reversemarginfalse
* (1in=72.27pt=25.4mm, 1cm=28.453pt)

Package hyperref Info: Link coloring OFF on input line 36.
(./Manuscript-without-SI.out) (./Manuscript-without-SI.out)
\@outlinefile=\write4
\openout4 = `Manuscript-without-SI.out'.

LaTeX Font Info:    Trying to load font information for U+msa on input line 51.


(/opt/homebrew/Cellar/texlive/20230313_2/share/texmf-dist/tex/latex/amsfonts/um
sa.fd
File: umsa.fd 2013/01/14 v3.01 AMS symbols A
)
LaTeX Font Info:    Trying to load font information for U+msb on input line 51.


(/opt/homebrew/Cellar/texlive/20230313_2/share/texmf-dist/tex/latex/amsfonts/um
sb.fd
File: umsb.fd 2013/01/14 v3.01 AMS symbols B
) [1

{/opt/homebrew/Cellar/texlive/20230313_2/share/texmf-dist/fonts/map/pdftex/updm
ap/pdftex.map}] [2] [3] [4]
<../output/figures/different-relative-errors.png, id=221, 2107.875pt x 903.375p
t>
File: ../output/figures/different-relative-errors.png Graphic file (type png)
<use ../output/figures/different-relative-errors.png>
Package pdftex.def Info: ../output/figures/different-relative-errors.png  used 
on input line 175.
(pdftex.def)             Requested size: 469.18578pt x 201.07268pt.
[5 <../output/figures/different-relative-errors.png>] [6]
<../output/figures/SIM-mean-state-size.png, id=268, 2107.875pt x 1234.6125pt>
File: ../output/figures/SIM-mean-state-size.png Graphic file (type png)
<use ../output/figures/SIM-mean-state-size.png>
Package pdftex.def Info: ../output/figures/SIM-mean-state-size.png  used on inp
ut line 257.
(pdftex.def)             Requested size: 464.49649pt x 272.04887pt.
[7 <../output/figures/SIM-mean-state-size.png>]
<../output/figures/illustration-effect-log-ranking-crps.png, id=285, 2107.875pt
 x 903.375pt>
File: ../output/figures/illustration-effect-log-ranking-crps.png Graphic file (
type png)
<use ../output/figures/illustration-effect-log-ranking-crps.png>
Package pdftex.def Info: ../output/figures/illustration-effect-log-ranking-crps
.png  used on input line 274.
(pdftex.def)             Requested size: 469.18578pt x 201.07268pt.
[8 <../output/figures/illustration-effect-log-ranking-crps.png>] [9]
<../output/figures/HUB-model-comparison-ensemble.png, id=339, 722.7pt x 614.295
pt>
File: ../output/figures/HUB-model-comparison-ensemble.png Graphic file (type pn
g)
<use ../output/figures/HUB-model-comparison-ensemble.png>
Package pdftex.def Info: ../output/figures/HUB-model-comparison-ensemble.png  u
sed on input line 322.
(pdftex.def)             Requested size: 464.49649pt x 394.82529pt.

LaTeX Warning: `!h' float specifier changed to `!ht'.

[10]
<../output/figures/HUB-mean-obs-location.png, id=363, 722.7pt x 722.7pt>
File: ../output/figures/HUB-mean-obs-location.png Graphic file (type png)
<use ../output/figures/HUB-mean-obs-location.png>
Package pdftex.def Info: ../output/figures/HUB-mean-obs-location.png  used on i
nput line 334.
(pdftex.def)             Requested size: 464.49649pt x 464.50034pt.

LaTeX Warning: `!h' float specifier changed to `!ht'.

[11 <../output/figures/HUB-model-comparison-ensemble.png>] [12 <../output/figur
es/HUB-mean-obs-location.png>]
<../output/figures/HUB-scores-locations-log-variants.png, id=385, 2409.0pt x 22
58.4375pt>
File: ../output/figures/HUB-scores-locations-log-variants.png Graphic file (typ
e png)
<use ../output/figures/HUB-scores-locations-log-variants.png>
Package pdftex.def Info: ../output/figures/HUB-scores-locations-log-variants.pn
g  used on input line 347.
(pdftex.def)             Requested size: 464.49649pt x 435.4484pt.

LaTeX Warning: `!h' float specifier changed to `!ht'.

<../output/figures/HUB-transformation-regression.png, id=389, 2107.875pt x 1897
.0875pt>
File: ../output/figures/HUB-transformation-regression.png Graphic file (type pn
g)
<use ../output/figures/HUB-transformation-regression.png>
Package pdftex.def Info: ../output/figures/HUB-transformation-regression.png  u
sed on input line 372.
(pdftex.def)             Requested size: 464.49649pt x 418.02632pt.

LaTeX Warning: `!h' float specifier changed to `!ht'.

[13]
<../output/figures/HUB-correlations.png, id=408, 2107.875pt x 782.925pt>
File: ../output/figures/HUB-correlations.png Graphic file (type png)
<use ../output/figures/HUB-correlations.png>
Package pdftex.def Info: ../output/figures/HUB-correlations.png  used on input 
line 425.
(pdftex.def)             Requested size: 464.49649pt x 172.5188pt.

LaTeX Warning: `!h' float specifier changed to `!ht'.

[14 <../output/figures/HUB-scores-locations-log-variants.png>]
<../output/figures/HUB-pairwise-comparisons.png, id=416, 831.105pt x 433.62pt>
File: ../output/figures/HUB-pairwise-comparisons.png Graphic file (type png)
<use ../output/figures/HUB-pairwise-comparisons.png>
Package pdftex.def Info: ../output/figures/HUB-pairwise-comparisons.png  used o
n input line 434.
(pdftex.def)             Requested size: 464.49649pt x 242.34253pt.

LaTeX Warning: `!h' float specifier changed to `!ht'.

[15 <../output/figures/HUB-transformation-regression.png>] [16 <../output/figur
es/HUB-correlations.png>] [17 <../output/figures/HUB-pairwise-comparisons.png>]
[18] [19] [20]
Overfull \hbox (2.66867pt too wide) in paragraph at lines 524--526
 []\OT1/cmr/bx/n/10 S8 Fig-ure.[] Fore-casts and scores for two-week-ahead pre-
dic-tions from the epiforecasts-EpiNow2
 []

[21] (./Manuscript-without-SI.bbl [22

] [23] [24]) [25] (./Manuscript-without-SI.aux)
Package rerunfilecheck Info: File `Manuscript-without-SI.out' has not changed.
(rerunfilecheck)             Checksum: EB2C7AE88C238B9D71E445D2D6D1FF5F;3565.
 ) 
Here is how much of TeX's memory you used:
 22514 strings out of 476025
 428168 string characters out of 5779036
 1876388 words of memory out of 5000000
 42442 multiletter control sequences out of 15000+600000
 524020 words of font info for 76 fonts, out of 8000000 for 9000
 1141 hyphenation exceptions out of 8191
 99i,20n,94p,2209b,636s stack positions out of 10000i,1000n,20000p,200000b,200000s
</opt/homebrew/Cellar/texlive/20230313_2/share/texmf-dist/fonts/type1/public/
amsfonts/cm/cmbx10.pfb></opt/homebrew/Cellar/texlive/20230313_2/share/texmf-dis
t/fonts/type1/public/amsfonts/cm/cmbx12.pfb></opt/homebrew/Cellar/texlive/20230
313_2/share/texmf-dist/fonts/type1/public/amsfonts/cm/cmbx9.pfb></opt/homebrew/
Cellar/texlive/20230313_2/share/texmf-dist/fonts/type1/public/amsfonts/cm/cmex1
0.pfb></opt/homebrew/Cellar/texlive/20230313_2/share/texmf-dist/fonts/type1/pub
lic/amsfonts/cm/cmmi10.pfb></opt/homebrew/Cellar/texlive/20230313_2/share/texmf
-dist/fonts/type1/public/amsfonts/cm/cmmi5.pfb></opt/homebrew/Cellar/texlive/20
230313_2/share/texmf-dist/fonts/type1/public/amsfonts/cm/cmmi7.pfb></opt/homebr
ew/Cellar/texlive/20230313_2/share/texmf-dist/fonts/type1/public/amsfonts/cm/cm
mi8.pfb></opt/homebrew/Cellar/texlive/20230313_2/share/texmf-dist/fonts/type1/p
ublic/amsfonts/cm/cmr10.pfb></opt/homebrew/Cellar/texlive/20230313_2/share/texm
f-dist/fonts/type1/public/amsfonts/cm/cmr12.pfb></opt/homebrew/Cellar/texlive/2
0230313_2/share/texmf-dist/fonts/type1/public/amsfonts/cm/cmr17.pfb></opt/homeb
rew/Cellar/texlive/20230313_2/share/texmf-dist/fonts/type1/public/amsfonts/cm/c
mr6.pfb></opt/homebrew/Cellar/texlive/20230313_2/share/texmf-dist/fonts/type1/p
ublic/amsfonts/cm/cmr7.pfb></opt/homebrew/Cellar/texlive/20230313_2/share/texmf
-dist/fonts/type1/public/amsfonts/cm/cmr8.pfb></opt/homebrew/Cellar/texlive/202
30313_2/share/texmf-dist/fonts/type1/public/amsfonts/cm/cmr9.pfb></opt/homebrew
/Cellar/texlive/20230313_2/share/texmf-dist/fonts/type1/public/amsfonts/cm/cmss
8.pfb></opt/homebrew/Cellar/texlive/20230313_2/share/texmf-dist/fonts/type1/pub
lic/amsfonts/cm/cmsy10.pfb></opt/homebrew/Cellar/texlive/20230313_2/share/texmf
-dist/fonts/type1/public/amsfonts/cm/cmsy6.pfb></opt/homebrew/Cellar/texlive/20
230313_2/share/texmf-dist/fonts/type1/public/amsfonts/cm/cmsy7.pfb></opt/homebr
ew/Cellar/texlive/20230313_2/share/texmf-dist/fonts/type1/public/amsfonts/cm/cm
sy8.pfb></opt/homebrew/Cellar/texlive/20230313_2/share/texmf-dist/fonts/type1/p
ublic/amsfonts/cm/cmti10.pfb></opt/homebrew/Cellar/texlive/20230313_2/share/tex
mf-dist/fonts/type1/public/amsfonts/cm/cmtt10.pfb></opt/homebrew/Cellar/texlive
/20230313_2/share/texmf-dist/fonts/type1/public/amsfonts/symbols/msbm10.pfb>
Output written on Manuscript-without-SI.pdf (25 pages, 2578522 bytes).
PDF statistics:
 624 PDF objects out of 1000 (max. 8388607)
 522 compressed objects within 6 object streams
 121 named destinations out of 1000 (max. 500000)
 170 words of extra memory for PDF output out of 10000 (max. 10000000)

